
dtscaleaverage: Copyright (c) 2000 Molecular Structure Corporation
d*TREK version 9.4SSI -- Apr 27 2005
CrystalClear 1.3.6 SP2 r1: Copyright © 1998-2005 Rigaku/MSC, Inc.
This log file created Sun Oct 02 14:03:55 2005

Command line:
 dtscaleaverage input.head dtprofit.ref -reso 36.26 1.84 -errormodel \
    -reject sigma 3.00 -reject fraction 0.007500 -reject symabs \
    -batchscale -reqab spherical 4 3 -out output.head \
    ScalAveraged_116.ref


--------- Command line option parsing --------

     Header of file input.head successfully read.
Reading reflection list dtprofit.ref ... 
Creflnlist::nRead with filename: dtprofit.ref
INFO in Creflnlist::nRead, EOF after 139547 reflections read in
                                    (139547 total now in list).
Batch scaling enabled.
Reqab Option 'spherical'
Argument 4.000000 read for option 'spherical'
Argument 3.000000 read for option 'spherical'
Output header file             output.head
Output reflection file    ScalAveraged_116.ref
----- End of command line options -----

Crystal listing:

 Unit cell lengths:   65.4193   89.2267   99.8416
 Unit cell  angles:   90.0000   90.0000   90.0000
 Unit cell  volume: 582790.221
Orientation angles:   30.7106  -62.6736  -36.0058
         Mosaicity:     0.529
       Description: unknown

Spacegroup number: 23
             name: I222
Num. equiv. posns: 4  (without centering)
        Centering: I
Rejection sigma set to        50.00
Maximum |ChiSq| selected so that   0.75% of data is rejected
Sigma value set to             3.00
Using Auto Emul Auto Eadd.
Sorting on batch ID ...
...done.
Examining batch IDs and reflection resolution limits...
   360 batch IDs were found in the input reflnlist.
...done.

Reflections exceeding resolution limits: 789
                                   Kept: 138758 for scaling.
Sorting on intensity ...
...done.
Resorting on batch ID ...
...done.
Sorting and reducing reflnlist to asymmetric unit ...
...done.
ChiSq fitting parameters vs Resolution
-----------------------------------------------------------
 Resolution Range Contrib  |ChiSq|    Emul   Eadd Eadd/Emul
-----------------------------------------------------------
    34.58 -  3.96    9667     1.08    1.61  0.069     0.043
     3.96 -  3.15   10056     1.01    1.61  0.101     0.063
     3.15 -  2.75   10089     0.96    1.61  0.125     0.077
     2.75 -  2.50    9988     0.97    1.61  0.154     0.096
     2.50 -  2.32   10063     1.00    1.61  0.180     0.112
     2.32 -  2.18    9978     1.08    1.61  0.205     0.127
     2.18 -  2.07    6994     1.09    1.61  0.233     0.145
     2.07 -  1.98    4183     1.12    1.61  0.275     0.171
     1.98 -  1.91    2504     1.23    1.61  0.282     0.175
     1.91 -  1.84    1307     1.22    1.61  0.330     0.205
-----------------------------------------------------------

ChiSq fitting parameters vs I/sigI
------------------------------------------------------------------
 Int/sigmaI Range Counts Contrib  |ChiSq|    Emul   Eadd Eadd/Emul
------------------------------------------------------------------
   >  20 -     18  82611    6368     1.28    1.61  0.038     0.024
      18 -     16  46811    1345     1.02    1.61  0.051     0.032
      16 -     14  35855    2739     0.94    1.61  0.057     0.035
      14 -     12  27351    3742     0.97    1.61  0.060     0.037
      12 -     10  20135    6157     0.93    1.61  0.068     0.042
      10 -      8  13161    7804     0.95    1.61  0.078     0.049
       8 -      6   9593    9798     0.91    1.61  0.098     0.061
       6 -      4   5324    8852     0.95    1.61  0.129     0.080
       4 -      2   2974   10494     1.12    1.61  0.189     0.117
       2 -  <   0   3332   17530     1.13    1.61  0.368     0.229
------------------------------------------------------------------

Calling Batch scale...

Scale factors for 360 batches  (variables in brackets were fixed.)
--------------------------------------------------------------------------------
 Batch id    ...     ...     ...     ...     ...     ...     ...     ...     ...
 Scale factor...     ...     ...     ...     ...     ...     ...     ...     ...
--------------------------------------------------------------------------------
   10001   10002   10003   10004   10005   10006   10007   10008   10009   10010
   1.041   1.020   1.016   1.000   0.998   1.004   1.012   1.008   1.009   1.002

   10011   10012   10013   10014   10015   10016   10017   10018   10019   10020
   1.004   1.019   1.013   1.012   1.009   1.004   1.013   1.009   1.015   1.016

   10021   10022   10023   10024   10025   10026   10027   10028   10029   10030
   1.004   1.012   1.016   1.034   1.019   1.028   1.017   1.018   1.013   1.014

   10031   10032   10033   10034   10035   10036   10037   10038   10039   10040
   1.011   1.037   1.030   1.023   1.060   1.022   1.025   1.032   1.027   1.032

   10041   10042   10043   10044   10045   10046   10047   10048   10049   10050
   1.019   1.024   1.021   1.028   1.014   1.011   1.011   1.032   1.032   1.036

   10051   10052   10053   10054   10055   10056   10057   10058   10059   10060
   1.017   1.023   1.020   1.006   1.011   1.003   1.004   1.021   1.008   1.029

   10061   10062   10063   10064   10065   10066   10067   10068   10069   10070
   1.028   1.020   1.023   1.029   1.018   1.018   1.022   1.019   1.005   0.997

   10071   10072   10073   10074   10075   10076   10077   10078   10079   10080
   1.019   1.011   1.022   1.031   1.019   1.012   1.016   1.020   1.035   1.022

   10081   10082   10083   10084   10085   10086   10087   10088   10089   10090
   1.021   1.024   1.022   1.025   1.033   1.093   1.029   1.028   1.016   1.030

   10091   10092   10093   10094   10095   10096   10097   10098   10099   10100
   1.036   1.021   1.017   1.041   1.022   1.027   1.018   1.027   1.036   1.039

   10101   10102   10103   10104   10105   10106   10107   10108   10109   10110
   1.023   1.031   1.031   1.014   1.025   1.015   1.009   1.019   1.018   1.025

   10111   10112   10113   10114   10115   10116   10117   10118   10119   10120
   1.018   1.020   1.018   1.027   0.997   1.004   0.996   1.005   0.993   1.002

   10121   10122   10123   10124   10125   10126   10127   10128   10129   10130
   0.995   1.001   1.019   1.004   1.012   0.990   1.016   0.988   0.983   0.983

   10131   10132   10133   10134   10135   10136   10137   10138   10139   10140
   0.992   0.982   0.989   0.979   1.004   0.997   0.984   0.983   0.976   0.978

   10141   10142   10143   10144   10145   10146   10147   10148   10149   10150
   0.989   0.969   0.977   0.984   0.964   0.966   0.987   0.976   0.996   0.977

   10151   10152   10153   10154   10155   10156   10157   10158   10159   10160
   0.969   0.992   0.982   0.962   0.993   0.998   0.976   0.983   1.001   0.970

   10161   10162   10163   10164   10165   10166   10167   10168   10169   10170
   0.990   0.982   0.976   0.963   0.969   0.966   0.970   0.968   0.958   1.015

   10171   10172   10173   10174   10175   10176   10177   10178   10179   10180
   0.974   0.983   0.969   0.964   0.973   0.968   0.977   0.956   0.957   0.958

   10181   10182   10183   10184   10185   10186   10187   10188   10189   10190
   0.964   0.973   0.947   0.970   0.961   0.949   0.959   1.023   0.955   0.964

   10191   10192   10193   10194   10195   10196   10197   10198   10199   10200
   0.946   0.949   0.950   0.945   0.957   0.944   0.956   0.951   0.950   0.955

   10201   10202   10203   10204   10205   10206   10207   10208   10209   10210
   0.957   0.953   0.954   0.938   0.961   0.965   0.948   0.955   0.969   0.964

   10211   10212   10213   10214   10215   10216   10217   10218   10219   10220
   0.964   0.966   0.955   0.965   0.957   0.941   0.959   0.951   0.952   0.943

   10221   10222   10223   10224   10225   10226   10227   10228   10229   10230
   0.964   0.985   0.955   0.960   1.072   0.944   0.957   0.944   0.957   0.949

   10231   10232   10233   10234   10235   10236   10237   10238   10239   10240
   0.957   0.961   0.965   0.964   0.964   0.962   0.958   0.966   0.954   0.960

   10241   10242   10243   10244   10245   10246   10247   10248   10249   10250
   0.993   0.955   0.955   0.951   0.959   0.966   0.959   0.963   0.976   0.959

   10251   10252   10253   10254   10255   10256   10257   10258   10259   10260
   0.952   0.971   0.962   0.971   0.961   0.970   0.959   0.980   0.985   0.981

   10261   10262   10263   10264   10265   10266   10267   10268   10269   10270
   0.991   0.972   0.975   0.981   0.967   0.971   0.982   0.979   1.003   0.992

   10271   10272   10273   10274   10275   10276   10277   10278   10279   10280
   1.002   0.993   1.020   0.985   0.993   0.993   1.001   1.021   0.991   0.989

   10281   10282   10283   10284   10285   10286   10287   10288   10289   10290
   1.014   1.012   1.006   1.019   1.025   1.023   1.019   1.012   1.017   1.008

   10291   10292   10293   10294   10295   10296   10297   10298   10299   10300
   1.012   1.019   1.029   1.019   1.015   1.033   1.039   1.036   1.024   1.036

   10301   10302   10303   10304   10305   10306   10307   10308   10309   10310
   1.030   1.029   1.014   1.025   1.044   1.017   1.029   1.034   1.038   1.041

   10311   10312   10313   10314   10315   10316   10317   10318   10319   10320
   1.036   1.026   1.039   1.023   1.047   1.030   1.036   1.026   1.040   1.027

   10321   10322   10323   10324   10325   10326   10327   10328   10329   10330
   1.057   1.049   1.024   1.035   1.028   1.041   1.016   1.034   1.035   1.023

   10331   10332   10333   10334   10335   10336   10337   10338   10339   10340
   1.039   1.022   1.035   1.037   1.048   1.030   1.028   1.026   1.035   1.019

   10341   10342   10343   10344   10345   10346   10347   10348   10349   10350
   1.023   1.028   1.036   1.037   1.042   1.060   1.038   1.044   1.036   1.028

   10351   10352   10353   10354   10355   10356   10357   10358   10359   10360
   1.022   1.025   1.022   1.049   1.036   1.025   1.051   1.029   1.024   1.008
--------------------------------------------------------------------------------
Batch scale results
--------------------------------------------------------------------------

Rmerge before applying scale factors:                         0.0521
Rmerge after  applying scale factors with    adjusted sigmas: 0.0457
Rmerge after  applying scale factors without adjusted sigmas: 0.0474

(All R-merge values are computed for reflections having I/sig(I) >= 3.0)
--------------------------------------------------------------------------

New orientation and index: 1 1

Reflections in input file: 138758
Reflections excluded:      2837
Reflections rejected:      0
Reflections in list:       138758

Running Reqab absorption correction:
 Reqab State
 ----------

Title: Reqab called from dtscaleaverage

I+ and I- are treated as equivalent reflections.
Sig I factor: 3.0000
Correction approach used for incident beam component:   Planar harmonics
Correction approach used for scattered beam component:  Spherical harmonics
Sigma cutoff for outlier test: 50.0000
Cutoff factor for singular value decomposition: 0.0000
X, Y, Z
-X, -Y, Z
X, -Y, -Z
-X, Y, -Z
Number of symmetry operations: 8  (includes Friedel related in Laue group)
Filling arrays and forming temporary files

Projection average, min and max=   -0.0005   -0.2841    0.1999
Transformation for planar harmonics for set 1
    0.1334    0.9896   -0.0538
    0.3739    0.0000    0.9275
    0.9178   -0.1438   -0.3700

II.  Performing symmetry analysis to extract absorption surface information

     10000 groups processed

     Equivalent reflection analysis
Maximum difference in equivalent reflections is 36 sigma
Average difference in equivalent reflections is 1 sigma

Number of contributors= 114569
R(from ave)=    0.03049 (contributors only)
Number of parameters= 81
Cycle=     1  Ave shift=   0.004973  Max shift=   0.039379  S del**2= 109984.18

     10000 groups processed
Number of contributors= 114569
R(from ave)=    0.02712 (contributors only)
Number of parameters= 81
Cycle=     2  Ave shift=   0.000994  Max shift=   0.004760  S del**2= 92616.30

     10000 groups processed
Number of contributors= 114569
R(from ave)=    0.02691 (contributors only)
Number of parameters= 81
Cycle=     3  Ave shift=   0.000504  Max shift=   0.002250  S del**2= 91401.24

     10000 groups processed
Number of contributors= 114569
R(from ave)=    0.02683 (contributors only)
Number of parameters= 81
Cycle=     4  Ave shift=   0.000288  Max shift=   0.001145  S del**2= 90883.24


III.  Correcting data for absorption

Min and max trans: 0.7342    1.0000
Original R= 0.0305       Final R= 0.0268   (contributors only)
Number of equivalences=        114569
Number of equivalence classes= 19109
Absorption correction: Done.

ChiSq fitting parameters vs Resolution
-----------------------------------------------------------
 Resolution Range Contrib  |ChiSq|    Emul   Eadd Eadd/Emul
-----------------------------------------------------------
    34.58 -  3.96    9326     0.97    1.27  0.064     0.050
     3.96 -  3.15    9603     1.01    1.27  0.094     0.074
     3.15 -  2.75    9809     0.97    1.27  0.118     0.093
     2.75 -  2.50    9699     0.98    1.27  0.151     0.118
     2.50 -  2.32    9840     1.01    1.27  0.178     0.140
     2.32 -  2.18    9816     1.08    1.27  0.205     0.161
     2.18 -  2.07    6956     1.09    1.27  0.236     0.185
     2.07 -  1.98    4167     1.11    1.27  0.275     0.216
     1.98 -  1.91    2462     1.23    1.27  0.284     0.223
     1.91 -  1.84    1300     1.22    1.27  0.329     0.259
-----------------------------------------------------------

ChiSq fitting parameters vs I/sigI
------------------------------------------------------------------
 Int/sigmaI Range Counts Contrib  |ChiSq|    Emul   Eadd Eadd/Emul
------------------------------------------------------------------
   >  20 -     18  68975   10774     1.03    1.27  0.033     0.026
      18 -     16  27715    2530     0.93    1.27  0.047     0.037
      16 -     14  24902    2961     0.92    1.27  0.051     0.040
      14 -     12  19725    3615     0.95    1.27  0.058     0.046
      12 -     10  14879    6051     0.95    1.27  0.068     0.054
      10 -      8  10973    6819     0.91    1.27  0.082     0.064
       8 -      6   8054    6835     0.92    1.27  0.100     0.079
       6 -      4   4528    7001     0.96    1.27  0.133     0.105
       4 -      2   3215    9143     1.17    1.27  0.196     0.154
       2 -  <   0   3496   17249     1.15    1.27  0.381     0.300
------------------------------------------------------------------



Multiplicity of observed reflections
--------------------------------------------------------------------------------
          Mult |       1*     2      3      4      5      6      7      8     >8
--------------------------------------------------------------------------------
          Refs |       0   2586    525   4535    701   1929   1177  11156      0
       |ChiSq| |    ----   0.95   0.95   0.95   0.93   0.93   0.91   0.91   ----
--------------------------------------------------------------------------------
*Reflections with a multiplicity of 1 are not used in
 scale factor refinement nor in Rmerge calculations.



Reflections in input file  Iout = Iin*Scale_factor*exp(2B_factor*sin^2(Theta)/lambda^2)
--------------------------------------------------------------------------------
        Batch   Scale       B       Num       Num       Num       Num       Num
         name  factor  factor      refs  excluded      rejs     ovlps   singles
--------------------------------------------------------------------------------
        10001   1.041   0.000       108         1         0       107         1
        10002   1.020   0.000       366        14         2       364         0
        10003   1.016   0.000       412        13         4       407         1
        10004   1.000   0.000       381        11         2       378         1
        10005   0.998   0.000       379        11         6       371         2
        10006   1.004   0.000       385        14         6       378         1
        10007   1.012   0.000       408         9         7       400         1
        10008   1.008   0.000       379        11         4       375         0
        10009   1.009   0.000       379        10         5       369         5
        10010   1.002   0.000       404        14         3       400         1
        10011   1.004   0.000       365        15         5       359         1
        10012   1.019   0.000       372        16         4       368         0
        10013   1.013   0.000       395        13         6       389         0
        10014   1.012   0.000       401        13        10       387         4
        10015   1.009   0.000       400        16         6       393         1
        10016   1.004   0.000       397        14         3       394         0
        10017   1.013   0.000       365         7         3       362         0
        10018   1.009   0.000       370         9         4       366         0
        10019   1.015   0.000       388        10         7       378         3
        10020   1.016   0.000       403        11         1       399         3
        10021   1.004   0.000       402        13         1       399         2
        10022   1.012   0.000       367         8         5       362         0
        10023   1.016   0.000       380        17         3       377         0
        10024   1.034   0.000       404        10         4       398         2
        10025   1.019   0.000       372        16         5       366         1
        10026   1.028   0.000       377        14         3       374         0
        10027   1.017   0.000       412        11         8       404         0
        10028   1.018   0.000       394        16         3       391         0
        10029   1.013   0.000       381        11         4       374         3
        10030   1.014   0.000       385        14         5       379         1
        10031   1.011   0.000       368        17         7       361         0
        10032   1.037   0.000       377        14         3       374         0
        10033   1.030   0.000       409        16         5       404         0
        10034   1.023   0.000       381        11         4       375         2
        10035   1.060   0.000       399        15         5       391         3
        10036   1.022   0.000       386        13         5       381         0
        10037   1.025   0.000       364        17         2       362         0
        10038   1.032   0.000       397        14         4       393         0
        10039   1.027   0.000       373        16         4       369         0
        10040   1.032   0.000       404        19         1       400         3
        10041   1.019   0.000       390        14         3       387         0
        10042   1.024   0.000       389        14         4       385         0
        10043   1.021   0.000       361        10         4       356         1
        10044   1.028   0.000       452        11         3       449         0
        10045   1.014   0.000       361         7         3       358         0
        10046   1.011   0.000       372        14         1       370         1
        10047   1.011   0.000       394        15         4       390         0
        10048   1.032   0.000       363        16         1       362         0
        10049   1.032   0.000       395        15         3       392         0
        10050   1.036   0.000       392        16         3       389         0
        10051   1.017   0.000       372        11         6       366         0
        10052   1.023   0.000       392        11         8       384         0
        10053   1.020   0.000       393        11         3       389         1
        10054   1.006   0.000       370         8         2       368         0
        10055   1.011   0.000       398        18         3       395         0
        10056   1.003   0.000       412        17         2       410         0
        10057   1.004   0.000       401        15         3       398         0
        10058   1.021   0.000       389         7         4       385         0
        10059   1.008   0.000       370        14         1       369         0
        10060   1.029   0.000       410        12         5       405         0
        10061   1.028   0.000       376        11         2       374         0
        10062   1.020   0.000       380        17         1       379         0
        10063   1.023   0.000       399        17         7       392         0
        10064   1.029   0.000       363        16         3       360         0
        10065   1.018   0.000       384        19         1       383         0
        10066   1.018   0.000       401        12         0       401         0
        10067   1.022   0.000       437        19         1       433         3
        10068   1.019   0.000       343         8         2       341         0
        10069   1.005   0.000       383        14         2       381         0
        10070   0.997   0.000       394         6         4       389         1
        10071   1.019   0.000       398        13         3       395         0
        10072   1.011   0.000       389        21         0       389         0
        10073   1.022   0.000       383         9         1       382         0
        10074   1.031   0.000       378        14         2       375         1
        10075   1.019   0.000       392        10         7       385         0
        10076   1.012   0.000       396        10         0       396         0
        10077   1.016   0.000       393        12         2       391         0
        10078   1.020   0.000       376         7         2       372         2
        10079   1.035   0.000       385        12         2       382         1
        10080   1.022   0.000       389         7         4       385         0
        10081   1.021   0.000       395         9         4       391         0
        10082   1.024   0.000       419        22         2       417         0
        10083   1.022   0.000       362        10         1       360         1
        10084   1.025   0.000       373        10         2       370         1
        10085   1.033   0.000       390        10         2       387         1
        10086   1.093   0.000       380         9        13       367         0
        10087   1.029   0.000       401        15         6       395         0
        10088   1.028   0.000       412        13         1       411         0
        10089   1.016   0.000       361         9         2       358         1
        10090   1.030   0.000       380        16         5       375         0
        10091   1.036   0.000       380        20         3       377         0
        10092   1.021   0.000       407        18         2       405         0
        10093   1.017   0.000       387        12         1       385         1
        10094   1.041   0.000       420        12         4       416         0
        10095   1.022   0.000       364         9         4       360         0
        10096   1.027   0.000       400        13         4       396         0
        10097   1.018   0.000       387        11         1       386         0
        10098   1.027   0.000       409        20         1       407         1
        10099   1.036   0.000       386        11         3       383         0
        10100   1.039   0.000       360        14         2       357         1
        10101   1.023   0.000       430        13         3       426         1
        10102   1.031   0.000       362        13         2       359         1
        10103   1.031   0.000       372         6         1       369         2
        10104   1.014   0.000       391         9         3       387         1
        10105   1.025   0.000       347        12         4       343         0
        10106   1.015   0.000       400        14         4       396         0
        10107   1.009   0.000       404        14         4       399         1
        10108   1.019   0.000       423        14         3       420         0
        10109   1.018   0.000       391         9         2       389         0
        10110   1.025   0.000       389        14         2       386         1
        10111   1.018   0.000       374        10         3       371         0
        10112   1.020   0.000       393        10         2       391         0
        10113   1.018   0.000       364        10         1       363         0
        10114   1.027   0.000       347        17         4       343         0
        10115   0.997   0.000       411        11         4       406         1
        10116   1.004   0.000       393        15         1       392         0
        10117   0.996   0.000       404        15         3       398         3
        10118   1.005   0.000       406        17         1       405         0
        10119   0.993   0.000       374         4         5       367         2
        10120   1.002   0.000       409        12         2       404         3
        10121   0.995   0.000       361         9         2       358         1
        10122   1.001   0.000       361         9         7       354         0
        10123   1.019   0.000       400        18         3       395         2
        10124   1.004   0.000       388        10         6       382         0
        10125   1.012   0.000       408        18         2       405         1
        10126   0.990   0.000       373        18         1       371         1
        10127   1.016   0.000       384         9         2       378         4
        10128   0.988   0.000       383        12         3       380         0
        10129   0.983   0.000       358        12         2       354         2
        10130   0.983   0.000       399        12         2       396         1
        10131   0.992   0.000       383        17         1       380         2
        10132   0.982   0.000       414        20         1       411         2
        10133   0.989   0.000       391        12         3       388         0
        10134   0.979   0.000       356        17         4       350         2
        10135   1.004   0.000       379         8         0       378         1
        10136   0.997   0.000       398         5         2       393         3
        10137   0.984   0.000       412        13         1       409         2
        10138   0.983   0.000       379        12         2       376         1
        10139   0.976   0.000       395        16         5       389         1
        10140   0.978   0.000       381        14         3       376         2
        10141   0.989   0.000       388        13         0       388         0
        10142   0.969   0.000       416        11         1       415         0
        10143   0.977   0.000       353        14         2       349         2
        10144   0.984   0.000       381        11         2       379         0
        10145   0.964   0.000       396        17         3       392         1
        10146   0.966   0.000       401        17         2       398         1
        10147   0.987   0.000       374        10         3       371         0
        10148   0.976   0.000       399        10         1       398         0
        10149   0.996   0.000       368         8         4       364         0
        10150   0.977   0.000       407        11         2       405         0
        10151   0.969   0.000       404        19         5       396         3
        10152   0.992   0.000       378        15         2       376         0
        10153   0.982   0.000       374        10         6       368         0
        10154   0.962   0.000       390        19         2       388         0
        10155   0.993   0.000       387        12         4       382         1
        10156   0.998   0.000       381        13         3       377         1
        10157   0.976   0.000       400        12         5       395         0
        10158   0.983   0.000       379        18         1       377         1
        10159   1.001   0.000       391        15         2       389         0
        10160   0.970   0.000       384        12         2       382         0
        10161   0.990   0.000       388        12         1       387         0
        10162   0.982   0.000       406         8         3       403         0
        10163   0.976   0.000       359         9         1       358         0
        10164   0.963   0.000       389        17         1       388         0
        10165   0.969   0.000       396         9         1       394         1
        10166   0.966   0.000       397        17         5       392         0
        10167   0.970   0.000       379        10         0       379         0
        10168   0.968   0.000       380        13         4       376         0
        10169   0.958   0.000       375        10         0       374         1
        10170   1.015   0.000       397        13         5       392         0
        10171   0.974   0.000       386        12         2       384         0
        10172   0.983   0.000       371        14         2       368         1
        10173   0.969   0.000       389        13         3       385         1
        10174   0.964   0.000       389        13         2       387         0
        10175   0.973   0.000       408         7         3       404         1
        10176   0.968   0.000       384         8         2       382         0
        10177   0.977   0.000       377        13         2       374         1
        10178   0.956   0.000       400        12         4       396         0
        10179   0.957   0.000       391        16         1       390         0
        10180   0.958   0.000       399        22         2       397         0
        10181   0.964   0.000       347        12         1       346         0
        10182   0.973   0.000       366        14         0       366         0
        10183   0.947   0.000       403         5         2       401         0
        10184   0.970   0.000       389        12         0       388         1
        10185   0.961   0.000       410        12         1       409         0
        10186   0.949   0.000       356        11         0       355         1
        10187   0.959   0.000       404        21         5       399         0
        10188   1.023   0.000       384        10        17       366         1
        10189   0.955   0.000       371        14         4       366         1
        10190   0.964   0.000       410        16         2       407         1
        10191   0.946   0.000       372        14         1       369         2
        10192   0.949   0.000       391         8         1       389         1
        10193   0.950   0.000       390        17         3       385         2
        10194   0.945   0.000       378        15         2       373         3
        10195   0.957   0.000       413        12         1       411         1
        10196   0.944   0.000       383        10         2       381         0
        10197   0.956   0.000       362        13         1       360         1
        10198   0.951   0.000       360         9         3       357         0
        10199   0.950   0.000       414        14         0       413         1
        10200   0.955   0.000       366        13         1       365         0
        10201   0.957   0.000       410        16         0       409         1
        10202   0.953   0.000       396        11         3       393         0
        10203   0.954   0.000       384        16         2       381         1
        10204   0.938   0.000       376        16         2       374         0
        10205   0.961   0.000       397        14         1       396         0
        10206   0.965   0.000       394        10         3       391         0
        10207   0.948   0.000       369        15         1       368         0
        10208   0.955   0.000       394        13         2       392         0
        10209   0.969   0.000       390        12         1       389         0
        10210   0.964   0.000       367         9         2       365         0
        10211   0.964   0.000       424         9         2       421         1
        10212   0.966   0.000       401        10         3       398         0
        10213   0.955   0.000       381        11         4       377         0
        10214   0.965   0.000       378        12         2       376         0
        10215   0.957   0.000       343        11         3       339         1
        10216   0.941   0.000       392        18         3       389         0
        10217   0.959   0.000       445        17         4       441         0
        10218   0.951   0.000       339         8         4       335         0
        10219   0.952   0.000       402        11         1       401         0
        10220   0.943   0.000       383        12         0       383         0
        10221   0.964   0.000       387         9         0       386         1
        10222   0.985   0.000       410        13         4       405         1
        10223   0.955   0.000       387         7         1       386         0
        10224   0.960   0.000       359        11         1       358         0
        10225   1.072   0.000       389         3        33       356         0
        10226   0.944   0.000       416        14         3       413         0
        10227   0.957   0.000       382         7         1       380         1
        10228   0.944   0.000       390         9         1       389         0
        10229   0.957   0.000       373        12         0       373         0
        10230   0.949   0.000       373        12         1       372         0
        10231   0.957   0.000       394        10         7       386         1
        10232   0.961   0.000       387        18         2       383         2
        10233   0.965   0.000       398        13         4       394         0
        10234   0.964   0.000       383         9         1       382         0
        10235   0.964   0.000       380        10         3       376         1
        10236   0.962   0.000       394        10         2       392         0
        10237   0.958   0.000       397         8         4       393         0
        10238   0.966   0.000       377         9         3       374         0
        10239   0.954   0.000       370        14         1       369         0
        10240   0.960   0.000       417        17         1       416         0
        10241   0.993   0.000       390        15        12       378         0
        10242   0.955   0.000       383        17         1       382         0
        10243   0.955   0.000       391        13         2       389         0
        10244   0.951   0.000       373         9         0       372         1
        10245   0.959   0.000       408        13         5       403         0
        10246   0.966   0.000       354        10         2       352         0
        10247   0.959   0.000       411        14         1       408         2
        10248   0.963   0.000       382         9         3       379         0
        10249   0.976   0.000       381         9         1       379         1
        10250   0.959   0.000       388        20         0       388         0
        10251   0.952   0.000       376         8         3       373         0
        10252   0.971   0.000       402        15         1       401         0
        10253   0.962   0.000       388        20         3       384         1
        10254   0.971   0.000       398        16         2       396         0
        10255   0.961   0.000       381        12         4       376         1
        10256   0.970   0.000       416        16         2       414         0
        10257   0.959   0.000       351        14         3       348         0
        10258   0.980   0.000       390        12         0       388         2
        10259   0.985   0.000       400        12         1       399         0
        10260   0.981   0.000       360        17         0       360         0
        10261   0.991   0.000       391        16         2       389         0
        10262   0.972   0.000       407        14         3       403         1
        10263   0.975   0.000       375        10         0       374         1
        10264   0.981   0.000       403        10         2       400         1
        10265   0.967   0.000       368        20         3       365         0
        10266   0.971   0.000       420        16         2       418         0
        10267   0.982   0.000       377        15         2       374         1
        10268   0.979   0.000       374         9         0       374         0
        10269   1.003   0.000       395        14         2       392         1
        10270   0.992   0.000       408        11         5       403         0
        10271   1.002   0.000       358        11         4       352         2
        10272   0.993   0.000       401        12         4       396         1
        10273   1.020   0.000       364        13         4       359         1
        10274   0.985   0.000       386        11         2       384         0
        10275   0.993   0.000       383        17         2       380         1
        10276   0.993   0.000       388         9         2       386         0
        10277   1.001   0.000       407        15         4       401         2
        10278   1.021   0.000       402        13         3       397         2
        10279   0.991   0.000       380         6         3       376         1
        10280   0.989   0.000       363         9         3       360         0
        10281   1.014   0.000       402        19         5       395         2
        10282   1.012   0.000       397        14         4       393         0
        10283   1.006   0.000       370        16         3       365         2
        10284   1.019   0.000       378         9         2       376         0
        10285   1.025   0.000       384        10         4       379         1
        10286   1.023   0.000       408        14         1       406         1
        10287   1.019   0.000       381        14         1       379         1
        10288   1.012   0.000       377        11         4       373         0
        10289   1.017   0.000       389        15         1       387         1
        10290   1.008   0.000       393        10         3       390         0
        10291   1.012   0.000       411        12         3       408         0
        10292   1.019   0.000       392        14         3       389         0
        10293   1.029   0.000       392        25         3       388         1
        10294   1.019   0.000       362         9         2       360         0
        10295   1.015   0.000       362        16         4       357         1
        10296   1.033   0.000       400        13         3       396         1
        10297   1.039   0.000       417        12         3       414         0
        10298   1.036   0.000       385        14         2       381         2
        10299   1.024   0.000       374        11         4       370         0
        10300   1.036   0.000       345        12         1       344         0
        10301   1.030   0.000       399         9         4       393         2
        10302   1.029   0.000       398        12         5       391         2
        10303   1.014   0.000       398        11         2       394         2
        10304   1.025   0.000       386        16         3       382         1
        10305   1.044   0.000       388        27         1       387         0
        10306   1.017   0.000       368        12         1       365         2
        10307   1.029   0.000       404         7         5       399         0
        10308   1.034   0.000       413        12         1       411         1
        10309   1.038   0.000       355        15         2       353         0
        10310   1.041   0.000       386        18         4       381         1
        10311   1.036   0.000       392        12         4       387         1
        10312   1.026   0.000       384        17         1       382         1
        10313   1.039   0.000       385        10         4       380         1
        10314   1.023   0.000       371        12         1       370         0
        10315   1.047   0.000       380        16         7       371         2
        10316   1.030   0.000       415        19         2       411         2
        10317   1.036   0.000       407        14         5       401         1
        10318   1.026   0.000       383        14         1       382         0
        10319   1.040   0.000       375         9         5       370         0
        10320   1.027   0.000       397        13         1       395         1
        10321   1.057   0.000       369        12         2       367         0
        10322   1.049   0.000       382        14         2       378         2
        10323   1.024   0.000       392        12         3       388         1
        10324   1.035   0.000       375        22         3       370         2
        10325   1.028   0.000       396        12         1       395         0
        10326   1.041   0.000       391        12         5       386         0
        10327   1.016   0.000       367         8         3       364         0
        10328   1.034   0.000       409        20         1       406         2
        10329   1.035   0.000       389        13         3       385         1
        10330   1.023   0.000       374        16         2       372         0
        10331   1.039   0.000       381        15         2       377         2
        10332   1.022   0.000       384        11         5       379         0
        10333   1.035   0.000       393        18         3       390         0
        10334   1.037   0.000       397         7         3       394         0
        10335   1.048   0.000       382        11         4       378         0
        10336   1.030   0.000       379         7         1       377         1
        10337   1.028   0.000       404        13         3       398         3
        10338   1.026   0.000       358        12         2       355         1
        10339   1.035   0.000       395        15         2       392         1
        10340   1.019   0.000       405        14         6       399         0
        10341   1.023   0.000       364        18         1       363         0
        10342   1.028   0.000       418        11         3       413         2
        10343   1.036   0.000       366        14         1       364         1
        10344   1.037   0.000       380        22         4       375         1
        10345   1.042   0.000       379        11         2       375         2
        10346   1.060   0.000       414        16         3       410         1
        10347   1.038   0.000       378        14         4       373         1
        10348   1.044   0.000       369        12         2       367         0
        10349   1.036   0.000       418        11         4       414         0
        10350   1.028   0.000       396        10         1       394         1
        10351   1.022   0.000       378        16         3       373         2
        10352   1.025   0.000       385        15         4       380         1
        10353   1.022   0.000       398        16         3       395         0
        10354   1.049   0.000       385        13         8       376         1
        10355   1.036   0.000       373        14         5       368         0
        10356   1.025   0.000       389        18         5       382         2
        10357   1.051   0.000       367        11         1       366         0
        10358   1.029   0.000       389        23         4       382         3
        10359   1.024   0.000       347        10         2       344         1
        10360   1.008   0.000        95         1         3        92         0
--------------------------------------------------------------------------------
  All batches     ---     ---    138758      4627      1041    137479       238


Distribution of reduced ChiSquared (|ChiSq|)
-----------------------------------------------------------------------------
 |ChiSq|        <1.30   1.60   2.00   3.00   4.00   5.00   6.50   8.00 >10.00 
-----------------------------------------------------------------------------
 Num unique ref 17165   1884   1390   1446    418    169     85     27     25 
 Num reflns    106183  12066   8461   7962   1861    558    244     65     50 
 Avg mult         6.2    6.4    6.1    5.5    4.5    3.3    2.9    2.4    2.0 
 Shell %unique   75.9    8.3    6.1    6.4    1.8    0.7    0.4    0.1    0.1 
 Cumul %unique   75.9   84.3   90.4   96.8   98.6   99.4   99.8   99.9  100.0 
-----------------------------------------------------------------------------



In the tables below Rmerge is defined as:
    Rmerge = Sum Sum |Ihi - <Ih>| / Sum Sum <Ih>
              h   i                  h   i
    where Ihi is the ith used observation for unique hkl h,
    and  <Ih> is the mean intensity for unique hkl h.

  Num_Obs = Num_Overlaps + Num_Rejects + Num_Singles
  Num_Mults counts only sym. related groups with at least
  2 reflections.

  Exclusions are included in statistics.

  |ChiSq| and Rmerge are taken over all non-rejected
  reflections having a redundancy of at least 2.

  <I/Sig> and Average are taken over all non-rejected
  reflections.


Rmerge vs Batch
--------------------------------------------------------------------------------
         Batch Average     Num   Num     Num     Num  I/sig  Rducd Rmerge Rmerge
          name  counts     obs  rejs   ovlps  single  unavg  ChiSq  batch  cumul
--------------------------------------------------------------------------------
         10001   19972     108     0     107       1   12.3   0.98  0.049  0.049
         10002   19831     366     2     364       0   12.3   0.93  0.038  0.041
         10003   18138     412     4     407       1   12.0   0.98  0.044  0.042
         10004   15822     381     2     378       1   10.9   0.97  0.045  0.043
         10005   18164     379     6     371       2   11.6   0.93  0.040  0.042
         10006   20354     385     6     378       1   12.8   1.02  0.038  0.041
         10007   17925     408     7     400       1   11.9   0.94  0.038  0.041
         10008   20140     379     4     375       0   12.8   0.93  0.033  0.040
         10009   17665     379     5     369       5   11.3   0.95  0.038  0.040
         10010   19247     404     3     400       1   11.7   1.01  0.042  0.040
         10011   18904     365     5     359       1   11.8   0.93  0.035  0.039
         10012   18809     372     4     368       0   11.3   1.02  0.040  0.039
         10013   21527     395     6     389       0   13.0   0.98  0.038  0.039
         10014   19317     401    10     387       4   12.2   0.95  0.035  0.039
         10015   21629     400     6     393       1   12.6   0.98  0.035  0.039
         10016   18571     397     3     394       0   11.8   1.00  0.040  0.039
         10017   16690     365     3     362       0   11.8   0.94  0.041  0.039
         10018   17158     370     4     366       0   11.1   0.98  0.042  0.039
         10019   17591     388     7     378       3   11.8   0.98  0.040  0.039
         10020   19726     403     1     399       3   12.5   0.92  0.033  0.039
         10021   18066     402     1     399       2   11.4   0.98  0.040  0.039
         10022   18062     367     5     362       0   11.8   0.93  0.042  0.039
         10023   19002     380     3     377       0   12.2   0.97  0.038  0.039
         10024   18956     404     4     398       2   12.1   0.90  0.038  0.039
         10025   20745     372     5     366       1   12.4   0.91  0.034  0.039
         10026   19137     377     3     374       0   11.8   0.99  0.038  0.039
         10027   19003     412     8     404       0   12.0   0.94  0.037  0.038
         10028   16295     394     3     391       0   11.2   0.98  0.039  0.039
         10029   18243     381     4     374       3   11.9   0.92  0.041  0.039
         10030   19102     385     5     379       1   12.0   0.99  0.042  0.039
         10031   20019     368     7     361       0   12.5   0.98  0.037  0.039
         10032   19381     377     3     374       0   12.2   1.01  0.038  0.039
         10033   18026     409     5     404       0   12.2   0.97  0.041  0.039
         10034   16643     381     4     375       2   11.2   0.91  0.043  0.039
         10035   20877     399     5     391       3   12.2   0.89  0.042  0.039
         10036   18737     386     5     381       0   12.0   0.87  0.036  0.039
         10037   18922     364     2     362       0   11.7   0.94  0.040  0.039
         10038   18021     397     4     393       0   11.8   0.88  0.039  0.039
         10039   19068     373     4     369       0   11.8   0.98  0.037  0.039
         10040   20228     404     1     400       3   12.1   0.89  0.036  0.039
         10041   21180     390     3     387       0   12.6   0.96  0.035  0.039
         10042   20597     389     4     385       0   12.5   0.94  0.035  0.039
         10043   18064     361     4     356       1   11.8   0.91  0.038  0.038
         10044   19205     452     3     449       0   12.2   0.92  0.040  0.039
         10045   16582     361     3     358       0   11.5   1.00  0.045  0.039
         10046   19446     372     1     370       1   12.1   0.97  0.038  0.039
         10047   19548     394     4     390       0   12.0   0.93  0.039  0.039
         10048   20601     363     1     362       0   12.5   0.94  0.036  0.039
         10049   17896     395     3     392       0   11.8   0.90  0.038  0.039
         10050   19101     392     3     389       0   12.0   0.94  0.036  0.038
         10051   19384     372     6     366       0   12.2   0.92  0.038  0.038
         10052   19225     392     8     384       0   12.2   0.90  0.042  0.039
         10053   18889     393     3     389       1   12.3   0.89  0.039  0.039
         10054   13689     370     2     368       0   10.0   0.91  0.048  0.039
         10055   17722     398     3     395       0   11.7   1.01  0.040  0.039
         10056   18589     412     2     410       0   12.0   1.03  0.039  0.039
         10057   15547     401     3     398       0   11.3   0.95  0.041  0.039
         10058   17142     389     4     385       0   11.7   0.88  0.040  0.039
         10059   18071     370     1     369       0   11.7   0.90  0.037  0.039
         10060   17416     410     5     405       0   11.7   0.96  0.037  0.039
         10061   16222     376     2     374       0   10.9   0.98  0.040  0.039
         10062   18082     380     1     379       0   11.8   0.96  0.041  0.039
         10063   17891     399     7     392       0   11.4   1.02  0.042  0.039
         10064   15794     363     3     360       0   11.1   0.96  0.043  0.039
         10065   20760     384     1     383       0   13.1   0.97  0.037  0.039
         10066   16754     401     0     401       0   11.5   0.92  0.040  0.039
         10067   18109     437     1     433       3   11.5   0.89  0.036  0.039
         10068   15491     343     2     341       0   11.3   0.92  0.040  0.039
         10069   18544     383     2     381       0   11.7   0.90  0.036  0.039
         10070   15542     394     4     389       1   11.0   0.96  0.043  0.039
         10071   16437     398     3     395       0   11.6   0.94  0.040  0.039
         10072   17654     389     0     389       0   11.7   0.97  0.037  0.039
         10073   19123     383     1     382       0   12.2   0.94  0.036  0.039
         10074   16905     378     2     375       1   11.3   0.93  0.039  0.039
         10075   18828     392     7     385       0   11.9   0.94  0.039  0.039
         10076   17858     396     0     396       0   11.7   0.97  0.038  0.039
         10077   15403     393     2     391       0   11.1   0.92  0.040  0.039
         10078   17378     376     2     372       2   11.8   0.97  0.041  0.039
         10079   16936     385     2     382       1   11.3   0.92  0.041  0.039
         10080   19212     389     4     385       0   12.2   0.90  0.039  0.039
         10081   14985     395     4     391       0   10.6   0.91  0.041  0.039
         10082   19730     419     2     417       0   12.3   0.94  0.039  0.039
         10083   19232     362     1     360       1   11.6   0.87  0.037  0.039
         10084   19741     373     2     370       1   12.1   0.90  0.038  0.039
         10085   16292     390     2     387       1   11.6   0.98  0.042  0.039
         10086   17325     380    13     367       0   11.1   1.03  0.057  0.039
         10087   17391     401     6     395       0   11.5   0.96  0.038  0.039
         10088   17723     412     1     411       0   11.9   0.91  0.039  0.039
         10089   16524     361     2     358       1   11.4   0.90  0.039  0.039
         10090   20489     380     5     375       0   12.3   0.93  0.038  0.039
         10091   19121     380     3     377       0   11.7   0.96  0.036  0.039
         10092   20691     407     2     405       0   12.5   0.95  0.035  0.039
         10093   16629     387     1     385       1   11.3   0.95  0.041  0.039
         10094   15526     420     4     416       0   11.1   0.90  0.047  0.039
         10095   16323     364     4     360       0   11.5   0.84  0.039  0.039
         10096   18283     400     4     396       0   11.8   0.91  0.036  0.039
         10097   17877     387     1     386       0   12.0   0.93  0.037  0.039
         10098   19889     409     1     407       1   11.8   0.92  0.039  0.039
         10099   15307     386     3     383       0   11.0   0.89  0.040  0.039
         10100   18432     360     2     357       1   12.3   0.92  0.039  0.039
         10101   17218     430     3     426       1   11.7   0.91  0.037  0.039
         10102   16941     362     2     359       1   10.9   0.90  0.043  0.039
         10103   14600     372     1     369       2   10.8   0.86  0.044  0.039
         10104   16186     391     3     387       1   11.3   0.93  0.041  0.039
         10105   15221     347     4     343       0   10.8   0.96  0.043  0.039
         10106   19407     400     4     396       0   12.2   0.92  0.037  0.039
         10107   17243     404     4     399       1   11.8   0.89  0.037  0.039
         10108   19100     423     3     420       0   11.8   0.96  0.036  0.039
         10109   17135     391     2     389       0   11.4   0.95  0.042  0.039
         10110   17952     389     2     386       1   11.8   0.98  0.038  0.039
         10111   15330     374     3     371       0   10.6   0.91  0.041  0.039
         10112   17242     393     2     391       0   11.6   0.92  0.039  0.039
         10113   16786     364     1     363       0   11.1   0.99  0.041  0.039
         10114   21677     347     4     343       0   12.6   0.99  0.037  0.039
         10115   15284     411     4     406       1   11.1   0.94  0.044  0.039
         10116   19217     393     1     392       0   12.0   0.90  0.036  0.039
         10117   18503     404     3     398       3   11.7   0.92  0.041  0.039
         10118   17876     406     1     405       0   11.4   0.97  0.037  0.039
         10119   17548     374     5     367       2   11.7   0.96  0.040  0.039
         10120   19149     409     2     404       3   12.0   0.91  0.038  0.039
         10121   16000     361     2     358       1   11.3   0.92  0.044  0.039
         10122   19134     361     7     354       0   11.9   0.92  0.036  0.039
         10123   18452     400     3     395       2   11.7   1.02  0.046  0.039
         10124   15535     388     6     382       0   10.8   0.90  0.041  0.039
         10125   17180     408     2     405       1   11.5   0.93  0.038  0.039
         10126   18126     373     1     371       1   11.5   1.01  0.043  0.039
         10127   14386     384     2     378       4   10.5   0.98  0.047  0.039
         10128   16116     383     3     380       0   11.0   0.97  0.039  0.039
         10129   17327     358     2     354       2   11.4   0.89  0.036  0.039
         10130   16865     399     2     396       1   11.6   0.88  0.040  0.039
         10131   16339     383     1     380       2   10.9   0.98  0.042  0.039
         10132   16946     414     1     411       2   11.6   0.93  0.038  0.039
         10133   18110     391     3     388       0   11.7   0.96  0.042  0.039
         10134   19929     356     4     350       2   12.3   0.91  0.038  0.039
         10135   18054     379     0     378       1   12.1   0.92  0.040  0.039
         10136   16045     398     2     393       3   11.1   0.92  0.045  0.039
         10137   17450     412     1     409       2   11.6   0.92  0.041  0.039
         10138   17141     379     2     376       1   11.1   0.91  0.041  0.039
         10139   17982     395     5     389       1   12.0   0.92  0.041  0.039
         10140   18506     381     3     376       2   11.9   0.88  0.033  0.039
         10141   18153     388     0     388       0   11.6   0.93  0.038  0.039
         10142   18268     416     1     415       0   11.6   0.93  0.039  0.039
         10143   16089     353     2     349       2   10.8   0.93  0.038  0.039
         10144   16432     381     2     379       0   11.4   0.98  0.044  0.039
         10145   17666     396     3     392       1   11.7   0.95  0.040  0.039
         10146   15438     401     2     398       1   10.9   0.94  0.041  0.039
         10147   14268     374     3     371       0   10.4   0.99  0.045  0.039
         10148   14381     399     1     398       0   10.5   0.91  0.043  0.039
         10149   15347     368     4     364       0   11.0   0.94  0.043  0.039
         10150   16627     407     2     405       0   11.1   0.89  0.040  0.039
         10151   17768     404     5     396       3   11.7   0.94  0.040  0.039
         10152   15778     378     2     376       0   10.6   1.00  0.046  0.039
         10153   15652     374     6     368       0   10.6   0.98  0.043  0.039
         10154   17108     390     2     388       0   11.3   0.97  0.038  0.039
         10155   17451     387     4     382       1   11.6   0.96  0.035  0.039
         10156   16807     381     3     377       1   11.4   0.93  0.037  0.039
         10157   14851     400     5     395       0   10.5   0.96  0.044  0.039
         10158   15729     379     1     377       1   10.9   0.90  0.039  0.039
         10159   14881     391     2     389       0   10.9   0.97  0.041  0.039
         10160   15868     384     2     382       0   11.3   0.89  0.037  0.039
         10161   15764     388     1     387       0   11.0   0.97  0.038  0.039
         10162   16946     406     3     403       0   10.8   0.95  0.037  0.039
         10163   18335     359     1     358       0   11.7   0.89  0.037  0.039
         10164   18497     389     1     388       0   11.8   0.94  0.035  0.039
         10165   15216     396     1     394       1   11.2   0.91  0.040  0.039
         10166   18871     397     5     392       0   11.7   0.92  0.034  0.039
         10167   16349     379     0     379       0   11.3   0.89  0.042  0.039
         10168   15902     380     4     376       0   11.0   0.93  0.037  0.039
         10169   16519     375     0     374       1   11.6   0.90  0.043  0.039
         10170   16282     397     5     392       0   11.1   0.99  0.053  0.039
         10171   19293     386     2     384       0   11.9   0.97  0.036  0.039
         10172   18357     371     2     368       1   12.1   0.93  0.037  0.039
         10173   16963     389     3     385       1   11.4   0.89  0.038  0.039
         10174   17099     389     2     387       0   11.2   0.91  0.038  0.039
         10175   14439     408     3     404       1   10.3   0.92  0.044  0.039
         10176   16930     384     2     382       0   11.9   0.92  0.042  0.039
         10177   19978     377     2     374       1   12.2   0.93  0.037  0.039
         10178   17292     400     4     396       0   11.2   0.96  0.034  0.039
         10179   17470     391     1     390       0   11.6   0.90  0.035  0.039
         10180   19503     399     2     397       0   12.2   0.94  0.033  0.039
         10181   16302     347     1     346       0   11.0   0.96  0.039  0.039
         10182   15947     366     0     366       0   10.6   0.93  0.040  0.039
         10183   16463     403     2     401       0   11.2   0.91  0.042  0.039
         10184   17053     389     0     388       1   11.8   0.95  0.039  0.039
         10185   18076     410     1     409       0   11.8   0.94  0.040  0.039
         10186   16126     356     0     355       1   11.0   0.91  0.042  0.039
         10187   21282     404     5     399       0   12.2   0.95  0.035  0.039
         10188   15581     384    17     366       1   10.5   1.06  0.068  0.039
         10189   18563     371     4     366       1   11.6   0.92  0.036  0.039
         10190   16569     410     2     407       1   11.5   0.91  0.038  0.039
         10191   17750     372     1     369       2   11.5   0.97  0.040  0.039
         10192   18491     391     1     389       1   11.8   0.92  0.037  0.039
         10193   17128     390     3     385       2   11.3   0.93  0.037  0.039
         10194   18454     378     2     373       3   11.8   0.88  0.034  0.039
         10195   17107     413     1     411       1   11.6   0.94  0.034  0.039
         10196   18792     383     2     381       0   12.2   0.87  0.034  0.039
         10197   17050     362     1     360       1   11.7   0.92  0.036  0.039
         10198   18759     360     3     357       0   12.0   0.97  0.036  0.039
         10199   18579     414     0     413       1   12.0   0.95  0.040  0.039
         10200   18088     366     1     365       0   11.9   0.91  0.041  0.039
         10201   17169     410     0     409       1   11.4   0.90  0.037  0.039
         10202   17280     396     3     393       0   11.4   0.96  0.040  0.039
         10203   18143     384     2     381       1   11.3   0.97  0.040  0.039
         10204   18492     376     2     374       0   11.6   0.95  0.035  0.039
         10205   19070     397     1     396       0   12.3   0.91  0.033  0.039
         10206   18323     394     3     391       0   11.6   0.90  0.036  0.039
         10207   18737     369     1     368       0   12.1   0.89  0.038  0.039
         10208   17139     394     2     392       0   11.3   0.95  0.038  0.039
         10209   19305     390     1     389       0   11.9   0.90  0.034  0.039
         10210   18444     367     2     365       0   12.0   0.92  0.035  0.039
         10211   17321     424     2     421       1   11.7   0.94  0.036  0.039
         10212   15738     401     3     398       0   11.0   0.90  0.045  0.039
         10213   17966     381     4     377       0   11.8   0.94  0.034  0.039
         10214   16048     378     2     376       0   11.1   0.89  0.039  0.039
         10215   17144     343     3     339       1   11.4   0.93  0.037  0.039
         10216   17114     392     3     389       0   11.3   0.92  0.037  0.039
         10217   18813     445     4     441       0   12.2   0.95  0.036  0.039
         10218   15545     339     4     335       0   10.9   0.94  0.047  0.039
         10219   21216     402     1     401       0   12.9   0.88  0.035  0.039
         10220   18323     383     0     383       0   12.4   0.88  0.032  0.039
         10221   16957     387     0     386       1   11.2   0.92  0.039  0.039
         10222   19666     410     4     405       1   11.5   0.96  0.043  0.039
         10223   15777     387     1     386       0   11.1   0.90  0.042  0.039
         10224   17160     359     1     358       0   11.8   0.97  0.039  0.039
         10225   14081     389    33     356       0   10.2   1.08  0.091  0.039
         10226   18289     416     3     413       0   12.0   0.93  0.036  0.039
         10227   16583     382     1     380       1   11.3   0.95  0.041  0.039
         10228   20288     390     1     389       0   12.4   0.95  0.037  0.039
         10229   18192     373     0     373       0   11.9   0.93  0.036  0.039
         10230   17760     373     1     372       0   11.6   0.95  0.042  0.039
         10231   16289     394     7     386       1   11.2   0.90  0.043  0.039
         10232   20308     387     2     383       2   12.4   0.98  0.032  0.039
         10233   18580     398     4     394       0   11.9   0.99  0.036  0.039
         10234   16620     383     1     382       0   11.8   0.89  0.038  0.039
         10235   17858     380     3     376       1   11.3   0.93  0.038  0.039
         10236   20872     394     2     392       0   12.1   0.92  0.039  0.039
         10237   17010     397     4     393       0   11.5   0.91  0.041  0.039
         10238   17896     377     3     374       0   12.1   0.95  0.042  0.039
         10239   17787     370     1     369       0   11.4   0.93  0.036  0.039
         10240   17841     417     1     416       0   11.6   0.95  0.036  0.039
         10241   21066     390    12     378       0   12.5   0.96  0.042  0.039
         10242   17843     383     1     382       0   11.3   0.94  0.034  0.039
         10243   16921     391     2     389       0   11.5   0.99  0.041  0.039
         10244   19145     373     0     372       1   12.2   0.92  0.034  0.039
         10245   16174     408     5     403       0   11.1   0.96  0.039  0.039
         10246   17505     354     2     352       0   11.5   0.97  0.039  0.039
         10247   17142     411     1     408       2   11.5   0.97  0.040  0.039
         10248   18934     382     3     379       0   12.0   0.91  0.035  0.039
         10249   15964     381     1     379       1   11.3   0.93  0.040  0.039
         10250   18935     388     0     388       0   12.1   0.91  0.037  0.039
         10251   17419     376     3     373       0   11.7   0.98  0.037  0.039
         10252   18319     402     1     401       0   11.5   0.95  0.037  0.039
         10253   20924     388     3     384       1   12.4   0.93  0.031  0.039
         10254   18433     398     2     396       0   11.9   0.96  0.038  0.039
         10255   18123     381     4     376       1   11.5   1.01  0.040  0.039
         10256   18130     416     2     414       0   11.9   0.91  0.038  0.039
         10257   19140     351     3     348       0   12.4   0.95  0.038  0.039
         10258   18212     390     0     388       2   11.7   0.94  0.042  0.039
         10259   19267     400     1     399       0   12.2   0.92  0.038  0.039
         10260   18294     360     0     360       0   11.8   0.98  0.037  0.039
         10261   19674     391     2     389       0   12.1   0.95  0.033  0.039
         10262   17730     407     3     403       1   12.0   0.95  0.036  0.039
         10263   18651     375     0     374       1   11.8   0.97  0.036  0.039
         10264   18231     403     2     400       1   11.9   0.96  0.037  0.039
         10265   22842     368     3     365       0   12.7   0.95  0.033  0.039
         10266   16594     420     2     418       0   11.7   0.96  0.040  0.039
         10267   20247     377     2     374       1   12.4   0.92  0.039  0.039
         10268   18947     374     0     374       0   11.8   0.89  0.035  0.039
         10269   19607     395     2     392       1   12.3   0.92  0.035  0.039
         10270   16309     408     5     403       0   11.1   0.99  0.040  0.039
         10271   20691     358     4     352       2   12.3   0.96  0.038  0.039
         10272   17878     401     4     396       1   12.1   0.96  0.039  0.039
         10273   20267     364     4     359       1   12.4   0.90  0.044  0.039
         10274   16892     386     2     384       0   11.0   0.91  0.038  0.039
         10275   19156     383     2     380       1   11.9   0.91  0.038  0.039
         10276   16662     388     2     386       0   11.0   0.90  0.038  0.039
         10277   19167     407     4     401       2   12.2   0.93  0.034  0.039
         10278   18282     402     3     397       2   11.9   0.95  0.042  0.039
         10279   17696     380     3     376       1   12.0   0.89  0.040  0.039
         10280   16389     363     3     360       0   11.4   0.86  0.042  0.039
         10281   21408     402     5     395       2   12.9   0.96  0.033  0.039
         10282   20384     397     4     393       0   12.6   0.91  0.037  0.039
         10283   19774     370     3     365       2   11.8   0.90  0.038  0.039
         10284   19715     378     2     376       0   12.2   0.89  0.037  0.039
         10285   18738     384     4     379       1   12.1   0.92  0.037  0.039
         10286   23082     408     1     406       1   12.7   0.93  0.032  0.039
         10287   18895     381     1     379       1   11.8   0.94  0.039  0.039
         10288   18344     377     4     373       0   12.1   0.96  0.039  0.039
         10289   17798     389     1     387       1   11.1   0.95  0.034  0.039
         10290   18980     393     3     390       0   12.1   0.93  0.038  0.039
         10291   18439     411     3     408       0   11.8   0.88  0.039  0.039
         10292   20186     392     3     389       0   12.3   0.93  0.035  0.039
         10293   22256     392     3     388       1   12.8   0.95  0.030  0.039
         10294   16611     362     2     360       0   11.6   0.96  0.042  0.039
         10295   21236     362     4     357       1   11.9   0.93  0.037  0.039
         10296   18246     400     3     396       1   11.6   0.93  0.041  0.039
         10297   19109     417     3     414       0   12.0   0.95  0.034  0.039
         10298   18662     385     2     381       2   11.8   0.97  0.042  0.039
         10299   18361     374     4     370       0   12.1   0.88  0.036  0.039
         10300   21395     345     1     344       0   12.8   0.94  0.035  0.039
         10301   19733     399     4     393       2   12.2   0.92  0.037  0.039
         10302   18588     398     5     391       2   11.7   0.95  0.041  0.039
         10303   18557     398     2     394       2   11.7   0.91  0.038  0.039
         10304   19439     386     3     382       1   12.4   0.92  0.038  0.039
         10305   21536     388     1     387       0   12.2   0.95  0.035  0.039
         10306   21716     368     1     365       2   12.4   0.91  0.033  0.039
         10307   16722     404     5     399       0   12.0   0.96  0.039  0.039
         10308   19679     413     1     411       1   12.3   0.94  0.035  0.039
         10309   16772     355     2     353       0   11.4   0.92  0.043  0.039
         10310   22038     386     4     381       1   12.7   0.96  0.037  0.039
         10311   18636     392     4     387       1   12.1   0.87  0.038  0.039
         10312   19974     384     1     382       1   11.9   0.98  0.035  0.039
         10313   20170     385     4     380       1   12.3   0.88  0.033  0.039
         10314   20285     371     1     370       0   13.0   0.93  0.036  0.039
         10315   18493     380     7     371       2   12.0   0.90  0.039  0.039
         10316   20952     415     2     411       2   12.5   0.92  0.033  0.039
         10317   17602     407     5     401       1   11.3   0.97  0.042  0.039
         10318   21235     383     1     382       0   12.9   0.94  0.037  0.039
         10319   17062     375     5     370       0   12.0   0.95  0.037  0.039
         10320   17763     397     1     395       1   11.6   0.99  0.036  0.039
         10321   21135     369     2     367       0   12.6   0.94  0.038  0.039
         10322   18845     382     2     378       2   12.2   0.95  0.041  0.039
         10323   22174     392     3     388       1   12.8   0.97  0.033  0.039
         10324   21215     375     3     370       2   11.9   0.96  0.036  0.039
         10325   17772     396     1     395       0   11.7   0.94  0.042  0.039
         10326   19151     391     5     386       0   12.2   0.94  0.038  0.039
         10327   17610     367     3     364       0   12.1   0.96  0.040  0.039
         10328   19533     409     1     406       2   12.2   0.93  0.035  0.039
         10329   17787     389     3     385       1   11.8   1.03  0.038  0.039
         10330   19574     374     2     372       0   11.7   0.96  0.037  0.039
         10331   21861     381     2     377       2   12.7   0.93  0.035  0.039
         10332   18232     384     5     379       0   11.9   0.94  0.034  0.039
         10333   18456     393     3     390       0   11.9   1.01  0.041  0.039
         10334   17461     397     3     394       0   11.9   0.98  0.042  0.039
         10335   14905     382     4     378       0   10.9   0.93  0.044  0.039
         10336   20671     379     1     377       1   13.2   0.89  0.036  0.039
         10337   20273     404     3     398       3   12.2   0.90  0.035  0.039
         10338   16377     358     2     355       1   11.0   0.97  0.041  0.039
         10339   19251     395     2     392       1   12.1   0.93  0.035  0.039
         10340   20240     405     6     399       0   12.4   0.91  0.037  0.039
         10341   18130     364     1     363       0   12.0   0.96  0.038  0.039
         10342   21147     418     3     413       2   12.5   0.93  0.035  0.039
         10343   19540     366     1     364       1   11.8   0.95  0.037  0.039
         10344   19817     380     4     375       1   12.3   0.94  0.036  0.039
         10345   21252     379     2     375       2   12.7   0.93  0.035  0.039
         10346   18472     414     3     410       1   11.7   0.96  0.041  0.039
         10347   18260     378     4     373       1   12.0   0.87  0.036  0.039
         10348   19925     369     2     367       0   12.6   0.94  0.036  0.039
         10349   20039     418     4     414       0   12.8   0.96  0.034  0.039
         10350   20100     396     1     394       1   12.6   0.91  0.037  0.038
         10351   18488     378     3     373       2   11.8   0.86  0.038  0.038
         10352   18474     385     4     380       1   11.7   0.94  0.037  0.038
         10353   20368     398     3     395       0   12.3   0.92  0.033  0.038
         10354   20531     385     8     376       1   12.8   1.00  0.038  0.038
         10355   18542     373     5     368       0   12.0   0.92  0.040  0.038
         10356   20958     389     5     382       2   12.0   0.93  0.034  0.038
         10357   18357     367     1     366       0   12.0   0.93  0.036  0.038
         10358   22917     389     4     382       3   12.7   1.00  0.036  0.038
         10359   17610     347     2     344       1   11.9   0.91  0.037  0.038
         10360   17438      95     3      92       0   12.3   0.97  0.044  0.038
--------------------------------------------------------------------------------
   All batches   18193  138758  1041  137479     238   11.8   0.94  0.038  0.038


Rmerge vs Intensity/SigmaI
--------------------------------------------------------------------------------
  Int/sigmaI  Average     Num    Num     Num   I/sig  I/sig  Rducd Rmerge Rmerge
     range     counts     obs   rejs   mults   unavg    avg  ChiSq  shell  cumul
--------------------------------------------------------------------------------
    18 -  >20   30474   70224    299    9756    17.9   45.8   0.86  0.031  0.031
    16 -   18   12919    6520     26    1003    10.0   17.0   0.83  0.052  0.032
    14 -   16   10367    7148     48    1081     8.7   15.0   0.83  0.055  0.033
    12 -   14    8830    8533     39    1360     7.7   13.0   0.82  0.061  0.034
    10 -   12    5896    8206     46    1323     6.2   11.0   0.88  0.081  0.035
     8 -   10    4749    8703     64    1562     5.1    9.0   0.93  0.090  0.036
     6 -    8    2850    9069    110    1727     3.8    7.0   1.01  0.122  0.036
     4 -    6    2038    9576    135    2068     3.0    5.0   1.27  0.158  0.037
     2 -    4     881    8176    109    2014     2.0    3.1   1.63  0.316  0.038
   < 0 -    2     412    2603    165     715     0.9    1.2   2.22  0.640  0.038
--------------------------------------------------------------------------------
   < 0 -  >20   18193  138758   1041   22609    11.8   27.8   0.95  0.038  0.038


Completeness vs Resolution
--------------------------------------------------------------------------------
 Resolution      Calc     Num    Num     Num     Num    Num    Avg  %Comp  %Comp
    range      unique     obs   rejs   mults  single unique   mult  shell  cumul
--------------------------------------------------------------------------------
 34.58 - 3.96    2713   18795    254    2675      14   2689   6.90   99.1   99.1
  3.96 - 3.15    2615   18819    193    2606       6   2612   7.13   99.9   99.5
  3.15 - 2.75    2570   18528     93    2567       3   2570   7.17  100.0   99.7
  2.75 - 2.50    2572   18499    106    2571       1   2572   7.15  100.0   99.7
  2.50 - 2.32    2560   18280    118    2560       0   2560   7.09  100.0   99.8
  2.32 - 2.18    2549   17936    184    2548       1   2549   6.96  100.0   99.8
  2.18 - 2.07    2546   12694     49    2467      12   2479   5.10   97.4   99.5
  2.07 - 1.98    2527    7804     21    2061      48   2109   3.69   83.5   97.5
  1.98 - 1.91    2544    4804     16    1533      75   1608   2.98   63.2   93.8
  1.91 - 1.84    2547    2599      7    1021      78   1099   2.36   43.1   88.8
--------------------------------------------------------------------------------
 34.58 - 1.84   25743  138758   1041   22609     238  22847   6.03   88.8   88.8


Redundancy vs Resolution
--------------------------------------------------------------------------------
 Resolution      Calc  Percent of reflections measured N times, N =  %Comp %Comp
    range      unique    0     1     2     3     4   5-8  9-12   >12 shell cumul
--------------------------------------------------------------------------------
 34.58 - 3.96    2713  0.9   0.5   2.0   2.8  14.5  79.3   0.0   0.0  99.1  99.1
  3.96 - 3.15    2615  0.1   0.2   1.2   1.6  10.4  86.5   0.0   0.0  99.9  99.5
  3.15 - 2.75    2570  0.0   0.1   1.3   1.3  10.1  87.2   0.0   0.0 100.0  99.7
  2.75 - 2.50    2572  0.0   0.0   1.2   0.8  10.7  87.3   0.0   0.0 100.0  99.7
  2.50 - 2.32    2560  0.0   0.0   1.2   0.5  12.0  86.3   0.0   0.0 100.0  99.8
  2.32 - 2.18    2549  0.0   0.0   1.5   0.9  11.8  85.7   0.0   0.0 100.0  99.8
  2.18 - 2.07    2546  2.6   0.5  10.1   2.7  36.1  48.0   0.0   0.0  97.4  99.5
  2.07 - 1.98    2527 16.5   1.9  23.9   4.4  38.7  14.5   0.0   0.0  83.5  97.5
  1.98 - 1.91    2544 36.8   2.9  29.3   3.3  24.5   3.1   0.0   0.0  63.2  93.8
  1.91 - 1.84    2547 56.9   3.1  29.8   2.1   8.2   0.0   0.0   0.0  43.1  88.8
--------------------------------------------------------------------------------
 34.58 - 1.84   25743 11.2   0.9  10.0   2.0  17.6  58.1   0.0   0.0  88.8  88.8

--------------------------------------------------------------------------------
 Resolution            Percent of reflections measured AT LEAST N times, N =
    range                     13     9     5     4     3     2     1
--------------------------------------------------------------------------------
 34.58 - 1.84                0.0   0.0  58.1  75.7  77.8  87.8  88.8


Rmerge vs Resolution
--------------------------------------------------------------------------------
 Resolution   Average    Num     Num   I/sig  I/sig  Rducd  Model Rmerge Rmerge 
    range      counts   rejs   mults   unavg    avg  ChiSq  Eadd*  shell  cumul 
--------------------------------------------------------------------------------
 34.58 - 3.96   45551    254    2675    25.5   61.2   0.89   0.04  0.021  0.021 
  3.96 - 3.15   40482    193    2606    17.4   42.0   0.92   0.05  0.031  0.026 
  3.15 - 2.75   19030     93    2567    13.8   33.4   0.93   0.06  0.038  0.028 
  2.75 - 2.50   10909    106    2571    10.0   23.6   0.91   0.09  0.053  0.030 
  2.50 - 2.32    7985    118    2560     7.8   18.9   0.94   0.11  0.070  0.033 
  2.32 - 2.18    6321    184    2548     6.4   15.3   1.00   0.13  0.086  0.035 
  2.18 - 2.07    4812     49    2467     5.4   11.4   1.03   0.15  0.099  0.037 
  2.07 - 1.98    3026     21    2061     4.4    7.9   1.04   0.20  0.122  0.038 
  1.98 - 1.91    2128     16    1533     3.9    6.7   1.13   0.19  0.141  0.038 
  1.91 - 1.84    1385      7    1021     3.2    4.7   1.13   0.24  0.174  0.038 
--------------------------------------------------------------------------------
 34.58 - 1.84   18193   1041   22609    11.8   27.8   0.95   0.07  0.038  0.038 

I/sig unavg is the mean I/sig for the unaveraged reflections in the input file.
I/sig avg   is the mean I/sig for the unique reflections in the output file.
 * When EMul == 1.27


Summary of data collection statistics
-------------------------------------------------------------
 Spacegroup                       I222
 Unit cell dimensions             65.42   89.23   99.84
                                  90.00   90.00   90.00
 Resolution range                 34.58 - 1.84    (1.91 - 1.84)
 Total number of reflections      137717
 Number of unique reflections     22847
 Average redundancy               6.03            (2.36)
 % completeness                   88.8            (43.1)
 Rmerge                           0.038           (0.174)
 Reduced ChiSquared               0.95            (1.13)
 Output <I/sigI>                  27.8            (4.7)
-------------------------------------------------------------
  Note: Values in () are for the last resolution shell.


  138758 reflections in data set
       0 reflections rejected (|ChiSq| >  50.00)
    1041 reflections total rejected (  0.75%  |Deviation|/sigma >   8.24)
    4627 reflections excluded from scaling/absorption (I/sig <= 3.00)


Writing ScalAveraged_116.ref ...
Number of reflections written in 'ScalAveraged_116.ref': 22847
... done writing.
Number of reflections written in 'dtscaleaverage_rejects.ref': 1041

dtscaleaverage: Done.
